build/app/outputs/mapping/release/mapping.txt
# compiler: R8
# compiler_version: 1.5.64
# min_api: 16
# pg_map_id: f6b7567
com.example.myapp.MainActivity -> com.example.myapp.MainActivity:
    void configureFlutterEngine(io.flutter.embedding.engine.FlutterEngine) -> a
...
io.flutter.plugin.platform.-$$Lambda$PlatformViewsController$1$yCLpCrkCk5PKTxnfIMt18jB15HI -> io.flutter.plugin.platform.a:
    io.flutter.embedding.engine.systemchannels.PlatformViewsChannel$PlatformViewCreationRequest f$1 -> b
    io.flutter.plugin.platform.PlatformViewsController$1 f$0 -> a
io.flutter.plugin.platform.AccessibilityEventsDelegate -> io.flutter.plugin.platform.b:
    io.flutter.view.AccessibilityBridge accessibilityBridge -> a
    boolean requestSendAccessibilityEvent(android.view.View,android.view.View,android.view.accessibility.AccessibilityEvent) -> a
    void setAccessibilityBridge(io.flutter.view.AccessibilityBridge) -> a
io.flutter.plugin.platform.PlatformPlugin -> io.flutter.plugin.platform.c:
    io.flutter.embedding.engine.systemchannels.PlatformChannel$SystemChromeStyle currentTheme -> c
    io.flutter.embedding.engine.systemchannels.PlatformChannel$PlatformMessageHandler mPlatformMessageHandler -> e
    int mEnabledOverlays -> d
    android.app.Activity activity -> a
    io.flutter.embedding.engine.systemchannels.PlatformChannel platformChannel -> b
    void access$000(io.flutter.plugin.platform.PlatformPlugin,io.flutter.embedding.engine.systemchannels.PlatformChannel$SoundType) -> a
    void access$100(io.flutter.plugin.platform.PlatformPlugin,io.flutter.embedding.engine.systemchannels.PlatformChannel$HapticFeedbackType) -> a
    java.util.List access$1000(io.flutter.plugin.platform.PlatformPlugin) -> a
    void access$1100(io.flutter.plugin.platform.PlatformPlugin,java.util.ArrayList) -> a
    void access$200(io.flutter.plugin.platform.PlatformPlugin,int) -> a
    void access$300(io.flutter.plugin.platform.PlatformPlugin,io.flutter.embedding.engine.systemchannels.PlatformChannel$AppSwitcherDescription) -> a
    void access$400(io.flutter.plugin.platform.PlatformPlugin,java.util.List) -> a
    void access$600(io.flutter.plugin.platform.PlatformPlugin,io.flutter.embedding.engine.systemchannels.PlatformChannel$SystemChromeStyle) -> a
io.flutter.plugin.platform.PlatformPlugin$1 -> io.flutter.plugin.platform.c$a:
    io.flutter.plugin.platform.PlatformPlugin this$0 -> a
    java.lang.CharSequence getClipboardData(io.flutter.embedding.engine.systemchannels.PlatformChannel$ClipboardContentFormat) -> a
    java.util.List getSystemGestureExclusionRects() -> a
    void playSystemSound(io.flutter.embedding.engine.systemchannels.PlatformChannel$SoundType) -> a
    void setApplicationSwitcherDescription(io.flutter.embedding.engine.systemchannels.PlatformChannel$AppSwitcherDescription) -> a
    void setClipboardData(java.lang.String) -> a
    void setPreferredOrientations(int) -> a
    void setSystemGestureExclusionRects(java.util.ArrayList) -> a
    void setSystemUiOverlayStyle(io.flutter.embedding.engine.systemchannels.PlatformChannel$SystemChromeStyle) -> a
    void showSystemOverlays(java.util.List) -> a
    void vibrateHapticFeedback(io.flutter.embedding.engine.systemchannels.PlatformChannel$HapticFeedbackType) -> a
    void restoreSystemUiOverlays() -> b
    void popSystemNavigator() -> c
io.flutter.plugin.platform.PlatformPlugin$2 -> io.flutter.plugin.platform.c$b:
    int[] $SwitchMap$io$flutter$embedding$engine$systemchannels$PlatformChannel$SystemUiOverlay -> b
    int[] $SwitchMap$io$flutter$embedding$engine$systemchannels$PlatformChannel$Brightness -> c
    int[] $SwitchMap$io$flutter$embedding$engine$systemchannels$PlatformChannel$HapticFeedbackType -> a
io.flutter.plugin.platform.PlatformView -> io.flutter.plugin.platform.d:
    void dispose() -> a
    void onFlutterViewAttached(android.view.View) -> a
    void onInputConnectionUnlocked() -> b
    void onFlutterViewDetached() -> c
    android.view.View getView() -> d
    void onInputConnectionLocked() -> e